[0.236s] DEBUG:colcon:Command line arguments: ['/opt/homebrew/bin/colcon', 'list', '-n']
[0.236s] DEBUG:colcon:Parsed command line arguments: Namespace(log_base=None, log_level=None, verb_name='list', build_base='build', ignore_user_meta=False, metas=['./colcon.meta'], base_paths=['.'], packages_ignore=None, packages_ignore_regex=None, paths=None, packages_up_to=None, packages_up_to_regex=None, packages_above=None, packages_above_and_dependencies=None, packages_above_depth=None, packages_select_by_dep=None, packages_skip_by_dep=None, packages_skip_up_to=None, packages_select_build_failed=False, packages_skip_build_finished=False, packages_select_test_failures=False, packages_skip_test_passed=False, packages_select=None, packages_skip=None, packages_select_regex=None, packages_skip_regex=None, packages_start=None, packages_end=None, topological_order=False, names_only=True, paths_only=False, topological_graph=False, topological_graph_dot=False, topological_graph_density=False, topological_graph_legend=False, topological_graph_dot_cluster=False, topological_graph_dot_include_skipped=False, verb_parser=<colcon_defaults.argument_parser.defaults.DefaultArgumentsDecorator object at 0x1019e70d0>, verb_extension=<colcon_package_information.verb.list.ListVerb object at 0x10199b340>, main=<bound method ListVerb.main of <colcon_package_information.verb.list.ListVerb object at 0x10199b340>>)
[0.257s] Level 1:colcon.colcon_core.package_discovery:discover_packages(colcon_meta) check parameters
[0.257s] Level 1:colcon.colcon_core.package_discovery:discover_packages(recursive) check parameters
[0.257s] Level 1:colcon.colcon_core.package_discovery:discover_packages(ignore) check parameters
[0.257s] Level 1:colcon.colcon_core.package_discovery:discover_packages(path) check parameters
[0.257s] Level 1:colcon.colcon_core.package_discovery:discover_packages(colcon_meta) discover
[0.257s] Level 1:colcon.colcon_core.package_discovery:discover_packages(recursive) discover
[0.257s] INFO:colcon.colcon_core.package_discovery:Crawling recursively for packages in '/Users/polly/Desktop/Blog/pollycoder.github.io'
[0.257s] Level 1:colcon.colcon_core.package_identification:_identify(.) by extensions ['ignore', 'ignore_ament_install']
[0.257s] Level 1:colcon.colcon_core.package_identification:_identify(.) by extension 'ignore'
[0.257s] Level 1:colcon.colcon_core.package_identification:_identify(.) by extension 'ignore_ament_install'
[0.258s] Level 1:colcon.colcon_core.package_identification:_identify(.) by extensions ['colcon_pkg']
[0.258s] Level 1:colcon.colcon_core.package_identification:_identify(.) by extension 'colcon_pkg'
[0.258s] Level 1:colcon.colcon_core.package_identification:_identify(.) by extensions ['colcon_meta']
[0.258s] Level 1:colcon.colcon_core.package_identification:_identify(.) by extension 'colcon_meta'
[0.258s] Level 1:colcon.colcon_core.package_identification:_identify(.) by extensions ['ros']
[0.258s] Level 1:colcon.colcon_core.package_identification:_identify(.) by extension 'ros'
[0.267s] Level 1:colcon.colcon_core.package_identification:_identify(.) by extensions ['cmake', 'python']
[0.267s] Level 1:colcon.colcon_core.package_identification:_identify(.) by extension 'cmake'
[0.267s] Level 1:colcon.colcon_core.package_identification:_identify(.) by extension 'python'
[0.267s] Level 1:colcon.colcon_core.package_identification:_identify(.) by extensions ['python_setup_py']
[0.267s] Level 1:colcon.colcon_core.package_identification:_identify(.) by extension 'python_setup_py'
[0.268s] Level 1:colcon.colcon_core.package_identification:_identify(_data) by extensions ['ignore', 'ignore_ament_install']
[0.268s] Level 1:colcon.colcon_core.package_identification:_identify(_data) by extension 'ignore'
[0.268s] Level 1:colcon.colcon_core.package_identification:_identify(_data) by extension 'ignore_ament_install'
[0.268s] Level 1:colcon.colcon_core.package_identification:_identify(_data) by extensions ['colcon_pkg']
[0.268s] Level 1:colcon.colcon_core.package_identification:_identify(_data) by extension 'colcon_pkg'
[0.268s] Level 1:colcon.colcon_core.package_identification:_identify(_data) by extensions ['colcon_meta']
[0.268s] Level 1:colcon.colcon_core.package_identification:_identify(_data) by extension 'colcon_meta'
[0.268s] Level 1:colcon.colcon_core.package_identification:_identify(_data) by extensions ['ros']
[0.268s] Level 1:colcon.colcon_core.package_identification:_identify(_data) by extension 'ros'
[0.268s] Level 1:colcon.colcon_core.package_identification:_identify(_data) by extensions ['cmake', 'python']
[0.268s] Level 1:colcon.colcon_core.package_identification:_identify(_data) by extension 'cmake'
[0.268s] Level 1:colcon.colcon_core.package_identification:_identify(_data) by extension 'python'
[0.268s] Level 1:colcon.colcon_core.package_identification:_identify(_data) by extensions ['python_setup_py']
[0.268s] Level 1:colcon.colcon_core.package_identification:_identify(_data) by extension 'python_setup_py'
[0.268s] Level 1:colcon.colcon_core.package_identification:_identify(_data/assets) by extensions ['ignore', 'ignore_ament_install']
[0.268s] Level 1:colcon.colcon_core.package_identification:_identify(_data/assets) by extension 'ignore'
[0.268s] Level 1:colcon.colcon_core.package_identification:_identify(_data/assets) by extension 'ignore_ament_install'
[0.268s] Level 1:colcon.colcon_core.package_identification:_identify(_data/assets) by extensions ['colcon_pkg']
[0.268s] Level 1:colcon.colcon_core.package_identification:_identify(_data/assets) by extension 'colcon_pkg'
[0.268s] Level 1:colcon.colcon_core.package_identification:_identify(_data/assets) by extensions ['colcon_meta']
[0.268s] Level 1:colcon.colcon_core.package_identification:_identify(_data/assets) by extension 'colcon_meta'
[0.268s] Level 1:colcon.colcon_core.package_identification:_identify(_data/assets) by extensions ['ros']
[0.268s] Level 1:colcon.colcon_core.package_identification:_identify(_data/assets) by extension 'ros'
[0.268s] Level 1:colcon.colcon_core.package_identification:_identify(_data/assets) by extensions ['cmake', 'python']
[0.268s] Level 1:colcon.colcon_core.package_identification:_identify(_data/assets) by extension 'cmake'
[0.268s] Level 1:colcon.colcon_core.package_identification:_identify(_data/assets) by extension 'python'
[0.268s] Level 1:colcon.colcon_core.package_identification:_identify(_data/assets) by extensions ['python_setup_py']
[0.268s] Level 1:colcon.colcon_core.package_identification:_identify(_data/assets) by extension 'python_setup_py'
[0.268s] Level 1:colcon.colcon_core.package_identification:_identify(_data/locales) by extensions ['ignore', 'ignore_ament_install']
[0.268s] Level 1:colcon.colcon_core.package_identification:_identify(_data/locales) by extension 'ignore'
[0.268s] Level 1:colcon.colcon_core.package_identification:_identify(_data/locales) by extension 'ignore_ament_install'
[0.269s] Level 1:colcon.colcon_core.package_identification:_identify(_data/locales) by extensions ['colcon_pkg']
[0.269s] Level 1:colcon.colcon_core.package_identification:_identify(_data/locales) by extension 'colcon_pkg'
[0.269s] Level 1:colcon.colcon_core.package_identification:_identify(_data/locales) by extensions ['colcon_meta']
[0.269s] Level 1:colcon.colcon_core.package_identification:_identify(_data/locales) by extension 'colcon_meta'
[0.269s] Level 1:colcon.colcon_core.package_identification:_identify(_data/locales) by extensions ['ros']
[0.269s] Level 1:colcon.colcon_core.package_identification:_identify(_data/locales) by extension 'ros'
[0.269s] Level 1:colcon.colcon_core.package_identification:_identify(_data/locales) by extensions ['cmake', 'python']
[0.269s] Level 1:colcon.colcon_core.package_identification:_identify(_data/locales) by extension 'cmake'
[0.269s] Level 1:colcon.colcon_core.package_identification:_identify(_data/locales) by extension 'python'
[0.269s] Level 1:colcon.colcon_core.package_identification:_identify(_data/locales) by extensions ['python_setup_py']
[0.269s] Level 1:colcon.colcon_core.package_identification:_identify(_data/locales) by extension 'python_setup_py'
[0.269s] Level 1:colcon.colcon_core.package_identification:_identify(_plugins) by extensions ['ignore', 'ignore_ament_install']
[0.269s] Level 1:colcon.colcon_core.package_identification:_identify(_plugins) by extension 'ignore'
[0.269s] Level 1:colcon.colcon_core.package_identification:_identify(_plugins) by extension 'ignore_ament_install'
[0.269s] Level 1:colcon.colcon_core.package_identification:_identify(_plugins) by extensions ['colcon_pkg']
[0.269s] Level 1:colcon.colcon_core.package_identification:_identify(_plugins) by extension 'colcon_pkg'
[0.269s] Level 1:colcon.colcon_core.package_identification:_identify(_plugins) by extensions ['colcon_meta']
[0.269s] Level 1:colcon.colcon_core.package_identification:_identify(_plugins) by extension 'colcon_meta'
[0.269s] Level 1:colcon.colcon_core.package_identification:_identify(_plugins) by extensions ['ros']
[0.269s] Level 1:colcon.colcon_core.package_identification:_identify(_plugins) by extension 'ros'
[0.269s] Level 1:colcon.colcon_core.package_identification:_identify(_plugins) by extensions ['cmake', 'python']
[0.269s] Level 1:colcon.colcon_core.package_identification:_identify(_plugins) by extension 'cmake'
[0.269s] Level 1:colcon.colcon_core.package_identification:_identify(_plugins) by extension 'python'
[0.269s] Level 1:colcon.colcon_core.package_identification:_identify(_plugins) by extensions ['python_setup_py']
[0.269s] Level 1:colcon.colcon_core.package_identification:_identify(_plugins) by extension 'python_setup_py'
[0.269s] Level 1:colcon.colcon_core.package_identification:_identify(_posts) by extensions ['ignore', 'ignore_ament_install']
[0.269s] Level 1:colcon.colcon_core.package_identification:_identify(_posts) by extension 'ignore'
[0.269s] Level 1:colcon.colcon_core.package_identification:_identify(_posts) by extension 'ignore_ament_install'
[0.269s] Level 1:colcon.colcon_core.package_identification:_identify(_posts) by extensions ['colcon_pkg']
[0.269s] Level 1:colcon.colcon_core.package_identification:_identify(_posts) by extension 'colcon_pkg'
[0.269s] Level 1:colcon.colcon_core.package_identification:_identify(_posts) by extensions ['colcon_meta']
[0.269s] Level 1:colcon.colcon_core.package_identification:_identify(_posts) by extension 'colcon_meta'
[0.269s] Level 1:colcon.colcon_core.package_identification:_identify(_posts) by extensions ['ros']
[0.269s] Level 1:colcon.colcon_core.package_identification:_identify(_posts) by extension 'ros'
[0.269s] Level 1:colcon.colcon_core.package_identification:_identify(_posts) by extensions ['cmake', 'python']
[0.269s] Level 1:colcon.colcon_core.package_identification:_identify(_posts) by extension 'cmake'
[0.269s] Level 1:colcon.colcon_core.package_identification:_identify(_posts) by extension 'python'
[0.269s] Level 1:colcon.colcon_core.package_identification:_identify(_posts) by extensions ['python_setup_py']
[0.269s] Level 1:colcon.colcon_core.package_identification:_identify(_posts) by extension 'python_setup_py'
[0.270s] Level 1:colcon.colcon_core.package_identification:_identify(_site) by extensions ['ignore', 'ignore_ament_install']
[0.270s] Level 1:colcon.colcon_core.package_identification:_identify(_site) by extension 'ignore'
[0.270s] Level 1:colcon.colcon_core.package_identification:_identify(_site) by extension 'ignore_ament_install'
[0.270s] Level 1:colcon.colcon_core.package_identification:_identify(_site) by extensions ['colcon_pkg']
[0.270s] Level 1:colcon.colcon_core.package_identification:_identify(_site) by extension 'colcon_pkg'
[0.270s] Level 1:colcon.colcon_core.package_identification:_identify(_site) by extensions ['colcon_meta']
[0.270s] Level 1:colcon.colcon_core.package_identification:_identify(_site) by extension 'colcon_meta'
[0.270s] Level 1:colcon.colcon_core.package_identification:_identify(_site) by extensions ['ros']
[0.270s] Level 1:colcon.colcon_core.package_identification:_identify(_site) by extension 'ros'
[0.270s] Level 1:colcon.colcon_core.package_identification:_identify(_site) by extensions ['cmake', 'python']
[0.270s] Level 1:colcon.colcon_core.package_identification:_identify(_site) by extension 'cmake'
[0.270s] Level 1:colcon.colcon_core.package_identification:_identify(_site) by extension 'python'
[0.270s] Level 1:colcon.colcon_core.package_identification:_identify(_site) by extensions ['python_setup_py']
[0.270s] Level 1:colcon.colcon_core.package_identification:_identify(_site) by extension 'python_setup_py'
[0.270s] Level 1:colcon.colcon_core.package_identification:_identify(_site/about) by extensions ['ignore', 'ignore_ament_install']
[0.270s] Level 1:colcon.colcon_core.package_identification:_identify(_site/about) by extension 'ignore'
[0.270s] Level 1:colcon.colcon_core.package_identification:_identify(_site/about) by extension 'ignore_ament_install'
[0.270s] Level 1:colcon.colcon_core.package_identification:_identify(_site/about) by extensions ['colcon_pkg']
[0.270s] Level 1:colcon.colcon_core.package_identification:_identify(_site/about) by extension 'colcon_pkg'
[0.270s] Level 1:colcon.colcon_core.package_identification:_identify(_site/about) by extensions ['colcon_meta']
[0.270s] Level 1:colcon.colcon_core.package_identification:_identify(_site/about) by extension 'colcon_meta'
[0.270s] Level 1:colcon.colcon_core.package_identification:_identify(_site/about) by extensions ['ros']
[0.270s] Level 1:colcon.colcon_core.package_identification:_identify(_site/about) by extension 'ros'
[0.270s] Level 1:colcon.colcon_core.package_identification:_identify(_site/about) by extensions ['cmake', 'python']
[0.270s] Level 1:colcon.colcon_core.package_identification:_identify(_site/about) by extension 'cmake'
[0.270s] Level 1:colcon.colcon_core.package_identification:_identify(_site/about) by extension 'python'
[0.270s] Level 1:colcon.colcon_core.package_identification:_identify(_site/about) by extensions ['python_setup_py']
[0.270s] Level 1:colcon.colcon_core.package_identification:_identify(_site/about) by extension 'python_setup_py'
[0.270s] Level 1:colcon.colcon_core.package_identification:_identify(_site/archives) by extensions ['ignore', 'ignore_ament_install']
[0.270s] Level 1:colcon.colcon_core.package_identification:_identify(_site/archives) by extension 'ignore'
[0.270s] Level 1:colcon.colcon_core.package_identification:_identify(_site/archives) by extension 'ignore_ament_install'
[0.270s] Level 1:colcon.colcon_core.package_identification:_identify(_site/archives) by extensions ['colcon_pkg']
[0.270s] Level 1:colcon.colcon_core.package_identification:_identify(_site/archives) by extension 'colcon_pkg'
[0.270s] Level 1:colcon.colcon_core.package_identification:_identify(_site/archives) by extensions ['colcon_meta']
[0.270s] Level 1:colcon.colcon_core.package_identification:_identify(_site/archives) by extension 'colcon_meta'
[0.271s] Level 1:colcon.colcon_core.package_identification:_identify(_site/archives) by extensions ['ros']
[0.271s] Level 1:colcon.colcon_core.package_identification:_identify(_site/archives) by extension 'ros'
[0.271s] Level 1:colcon.colcon_core.package_identification:_identify(_site/archives) by extensions ['cmake', 'python']
[0.271s] Level 1:colcon.colcon_core.package_identification:_identify(_site/archives) by extension 'cmake'
[0.271s] Level 1:colcon.colcon_core.package_identification:_identify(_site/archives) by extension 'python'
[0.271s] Level 1:colcon.colcon_core.package_identification:_identify(_site/archives) by extensions ['python_setup_py']
[0.271s] Level 1:colcon.colcon_core.package_identification:_identify(_site/archives) by extension 'python_setup_py'
[0.271s] Level 1:colcon.colcon_core.package_identification:_identify(_site/assets) by extensions ['ignore', 'ignore_ament_install']
[0.271s] Level 1:colcon.colcon_core.package_identification:_identify(_site/assets) by extension 'ignore'
[0.271s] Level 1:colcon.colcon_core.package_identification:_identify(_site/assets) by extension 'ignore_ament_install'
[0.271s] Level 1:colcon.colcon_core.package_identification:_identify(_site/assets) by extensions ['colcon_pkg']
[0.271s] Level 1:colcon.colcon_core.package_identification:_identify(_site/assets) by extension 'colcon_pkg'
[0.271s] Level 1:colcon.colcon_core.package_identification:_identify(_site/assets) by extensions ['colcon_meta']
[0.271s] Level 1:colcon.colcon_core.package_identification:_identify(_site/assets) by extension 'colcon_meta'
[0.271s] Level 1:colcon.colcon_core.package_identification:_identify(_site/assets) by extensions ['ros']
[0.271s] Level 1:colcon.colcon_core.package_identification:_identify(_site/assets) by extension 'ros'
[0.271s] Level 1:colcon.colcon_core.package_identification:_identify(_site/assets) by extensions ['cmake', 'python']
[0.271s] Level 1:colcon.colcon_core.package_identification:_identify(_site/assets) by extension 'cmake'
[0.271s] Level 1:colcon.colcon_core.package_identification:_identify(_site/assets) by extension 'python'
[0.271s] Level 1:colcon.colcon_core.package_identification:_identify(_site/assets) by extensions ['python_setup_py']
[0.271s] Level 1:colcon.colcon_core.package_identification:_identify(_site/assets) by extension 'python_setup_py'
[0.271s] Level 1:colcon.colcon_core.package_identification:_identify(_site/assets/css) by extensions ['ignore', 'ignore_ament_install']
[0.271s] Level 1:colcon.colcon_core.package_identification:_identify(_site/assets/css) by extension 'ignore'
[0.271s] Level 1:colcon.colcon_core.package_identification:_identify(_site/assets/css) by extension 'ignore_ament_install'
[0.272s] Level 1:colcon.colcon_core.package_identification:_identify(_site/assets/css) by extensions ['colcon_pkg']
[0.272s] Level 1:colcon.colcon_core.package_identification:_identify(_site/assets/css) by extension 'colcon_pkg'
[0.272s] Level 1:colcon.colcon_core.package_identification:_identify(_site/assets/css) by extensions ['colcon_meta']
[0.272s] Level 1:colcon.colcon_core.package_identification:_identify(_site/assets/css) by extension 'colcon_meta'
[0.272s] Level 1:colcon.colcon_core.package_identification:_identify(_site/assets/css) by extensions ['ros']
[0.272s] Level 1:colcon.colcon_core.package_identification:_identify(_site/assets/css) by extension 'ros'
[0.272s] Level 1:colcon.colcon_core.package_identification:_identify(_site/assets/css) by extensions ['cmake', 'python']
[0.272s] Level 1:colcon.colcon_core.package_identification:_identify(_site/assets/css) by extension 'cmake'
[0.272s] Level 1:colcon.colcon_core.package_identification:_identify(_site/assets/css) by extension 'python'
[0.272s] Level 1:colcon.colcon_core.package_identification:_identify(_site/assets/css) by extensions ['python_setup_py']
[0.272s] Level 1:colcon.colcon_core.package_identification:_identify(_site/assets/css) by extension 'python_setup_py'
[0.272s] Level 1:colcon.colcon_core.package_identification:_identify(_site/assets/img) by extensions ['ignore', 'ignore_ament_install']
[0.272s] Level 1:colcon.colcon_core.package_identification:_identify(_site/assets/img) by extension 'ignore'
[0.272s] Level 1:colcon.colcon_core.package_identification:_identify(_site/assets/img) by extension 'ignore_ament_install'
[0.272s] Level 1:colcon.colcon_core.package_identification:_identify(_site/assets/img) by extensions ['colcon_pkg']
[0.272s] Level 1:colcon.colcon_core.package_identification:_identify(_site/assets/img) by extension 'colcon_pkg'
[0.272s] Level 1:colcon.colcon_core.package_identification:_identify(_site/assets/img) by extensions ['colcon_meta']
[0.272s] Level 1:colcon.colcon_core.package_identification:_identify(_site/assets/img) by extension 'colcon_meta'
[0.272s] Level 1:colcon.colcon_core.package_identification:_identify(_site/assets/img) by extensions ['ros']
[0.272s] Level 1:colcon.colcon_core.package_identification:_identify(_site/assets/img) by extension 'ros'
[0.272s] Level 1:colcon.colcon_core.package_identification:_identify(_site/assets/img) by extensions ['cmake', 'python']
[0.272s] Level 1:colcon.colcon_core.package_identification:_identify(_site/assets/img) by extension 'cmake'
[0.272s] Level 1:colcon.colcon_core.package_identification:_identify(_site/assets/img) by extension 'python'
[0.272s] Level 1:colcon.colcon_core.package_identification:_identify(_site/assets/img) by extensions ['python_setup_py']
[0.272s] Level 1:colcon.colcon_core.package_identification:_identify(_site/assets/img) by extension 'python_setup_py'
[0.272s] Level 1:colcon.colcon_core.package_identification:_identify(_site/assets/img/favicons) by extensions ['ignore', 'ignore_ament_install']
[0.272s] Level 1:colcon.colcon_core.package_identification:_identify(_site/assets/img/favicons) by extension 'ignore'
[0.272s] Level 1:colcon.colcon_core.package_identification:_identify(_site/assets/img/favicons) by extension 'ignore_ament_install'
[0.272s] Level 1:colcon.colcon_core.package_identification:_identify(_site/assets/img/favicons) by extensions ['colcon_pkg']
[0.272s] Level 1:colcon.colcon_core.package_identification:_identify(_site/assets/img/favicons) by extension 'colcon_pkg'
[0.272s] Level 1:colcon.colcon_core.package_identification:_identify(_site/assets/img/favicons) by extensions ['colcon_meta']
[0.272s] Level 1:colcon.colcon_core.package_identification:_identify(_site/assets/img/favicons) by extension 'colcon_meta'
[0.272s] Level 1:colcon.colcon_core.package_identification:_identify(_site/assets/img/favicons) by extensions ['ros']
[0.272s] Level 1:colcon.colcon_core.package_identification:_identify(_site/assets/img/favicons) by extension 'ros'
[0.272s] Level 1:colcon.colcon_core.package_identification:_identify(_site/assets/img/favicons) by extensions ['cmake', 'python']
[0.272s] Level 1:colcon.colcon_core.package_identification:_identify(_site/assets/img/favicons) by extension 'cmake'
[0.273s] Level 1:colcon.colcon_core.package_identification:_identify(_site/assets/img/favicons) by extension 'python'
[0.273s] Level 1:colcon.colcon_core.package_identification:_identify(_site/assets/img/favicons) by extensions ['python_setup_py']
[0.273s] Level 1:colcon.colcon_core.package_identification:_identify(_site/assets/img/favicons) by extension 'python_setup_py'
[0.273s] Level 1:colcon.colcon_core.package_identification:_identify(_site/assets/js) by extensions ['ignore', 'ignore_ament_install']
[0.273s] Level 1:colcon.colcon_core.package_identification:_identify(_site/assets/js) by extension 'ignore'
[0.273s] Level 1:colcon.colcon_core.package_identification:_identify(_site/assets/js) by extension 'ignore_ament_install'
[0.273s] Level 1:colcon.colcon_core.package_identification:_identify(_site/assets/js) by extensions ['colcon_pkg']
[0.273s] Level 1:colcon.colcon_core.package_identification:_identify(_site/assets/js) by extension 'colcon_pkg'
[0.273s] Level 1:colcon.colcon_core.package_identification:_identify(_site/assets/js) by extensions ['colcon_meta']
[0.273s] Level 1:colcon.colcon_core.package_identification:_identify(_site/assets/js) by extension 'colcon_meta'
[0.273s] Level 1:colcon.colcon_core.package_identification:_identify(_site/assets/js) by extensions ['ros']
[0.273s] Level 1:colcon.colcon_core.package_identification:_identify(_site/assets/js) by extension 'ros'
[0.273s] Level 1:colcon.colcon_core.package_identification:_identify(_site/assets/js) by extensions ['cmake', 'python']
[0.273s] Level 1:colcon.colcon_core.package_identification:_identify(_site/assets/js) by extension 'cmake'
[0.273s] Level 1:colcon.colcon_core.package_identification:_identify(_site/assets/js) by extension 'python'
[0.273s] Level 1:colcon.colcon_core.package_identification:_identify(_site/assets/js) by extensions ['python_setup_py']
[0.273s] Level 1:colcon.colcon_core.package_identification:_identify(_site/assets/js) by extension 'python_setup_py'
[0.273s] Level 1:colcon.colcon_core.package_identification:_identify(_site/assets/js/data) by extensions ['ignore', 'ignore_ament_install']
[0.273s] Level 1:colcon.colcon_core.package_identification:_identify(_site/assets/js/data) by extension 'ignore'
[0.273s] Level 1:colcon.colcon_core.package_identification:_identify(_site/assets/js/data) by extension 'ignore_ament_install'
[0.273s] Level 1:colcon.colcon_core.package_identification:_identify(_site/assets/js/data) by extensions ['colcon_pkg']
[0.273s] Level 1:colcon.colcon_core.package_identification:_identify(_site/assets/js/data) by extension 'colcon_pkg'
[0.273s] Level 1:colcon.colcon_core.package_identification:_identify(_site/assets/js/data) by extensions ['colcon_meta']
[0.273s] Level 1:colcon.colcon_core.package_identification:_identify(_site/assets/js/data) by extension 'colcon_meta'
[0.273s] Level 1:colcon.colcon_core.package_identification:_identify(_site/assets/js/data) by extensions ['ros']
[0.273s] Level 1:colcon.colcon_core.package_identification:_identify(_site/assets/js/data) by extension 'ros'
[0.273s] Level 1:colcon.colcon_core.package_identification:_identify(_site/assets/js/data) by extensions ['cmake', 'python']
[0.273s] Level 1:colcon.colcon_core.package_identification:_identify(_site/assets/js/data) by extension 'cmake'
[0.273s] Level 1:colcon.colcon_core.package_identification:_identify(_site/assets/js/data) by extension 'python'
[0.273s] Level 1:colcon.colcon_core.package_identification:_identify(_site/assets/js/data) by extensions ['python_setup_py']
[0.273s] Level 1:colcon.colcon_core.package_identification:_identify(_site/assets/js/data) by extension 'python_setup_py'
[0.273s] Level 1:colcon.colcon_core.package_identification:_identify(_site/assets/js/dist) by extensions ['ignore', 'ignore_ament_install']
[0.273s] Level 1:colcon.colcon_core.package_identification:_identify(_site/assets/js/dist) by extension 'ignore'
[0.273s] Level 1:colcon.colcon_core.package_identification:_identify(_site/assets/js/dist) by extension 'ignore_ament_install'
[0.273s] Level 1:colcon.colcon_core.package_identification:_identify(_site/assets/js/dist) by extensions ['colcon_pkg']
[0.273s] Level 1:colcon.colcon_core.package_identification:_identify(_site/assets/js/dist) by extension 'colcon_pkg'
[0.274s] Level 1:colcon.colcon_core.package_identification:_identify(_site/assets/js/dist) by extensions ['colcon_meta']
[0.274s] Level 1:colcon.colcon_core.package_identification:_identify(_site/assets/js/dist) by extension 'colcon_meta'
[0.274s] Level 1:colcon.colcon_core.package_identification:_identify(_site/assets/js/dist) by extensions ['ros']
[0.274s] Level 1:colcon.colcon_core.package_identification:_identify(_site/assets/js/dist) by extension 'ros'
[0.274s] Level 1:colcon.colcon_core.package_identification:_identify(_site/assets/js/dist) by extensions ['cmake', 'python']
[0.274s] Level 1:colcon.colcon_core.package_identification:_identify(_site/assets/js/dist) by extension 'cmake'
[0.274s] Level 1:colcon.colcon_core.package_identification:_identify(_site/assets/js/dist) by extension 'python'
[0.274s] Level 1:colcon.colcon_core.package_identification:_identify(_site/assets/js/dist) by extensions ['python_setup_py']
[0.274s] Level 1:colcon.colcon_core.package_identification:_identify(_site/assets/js/dist) by extension 'python_setup_py'
[0.274s] Level 1:colcon.colcon_core.package_identification:_identify(_site/categories) by extensions ['ignore', 'ignore_ament_install']
[0.274s] Level 1:colcon.colcon_core.package_identification:_identify(_site/categories) by extension 'ignore'
[0.274s] Level 1:colcon.colcon_core.package_identification:_identify(_site/categories) by extension 'ignore_ament_install'
[0.274s] Level 1:colcon.colcon_core.package_identification:_identify(_site/categories) by extensions ['colcon_pkg']
[0.274s] Level 1:colcon.colcon_core.package_identification:_identify(_site/categories) by extension 'colcon_pkg'
[0.274s] Level 1:colcon.colcon_core.package_identification:_identify(_site/categories) by extensions ['colcon_meta']
[0.274s] Level 1:colcon.colcon_core.package_identification:_identify(_site/categories) by extension 'colcon_meta'
[0.274s] Level 1:colcon.colcon_core.package_identification:_identify(_site/categories) by extensions ['ros']
[0.274s] Level 1:colcon.colcon_core.package_identification:_identify(_site/categories) by extension 'ros'
[0.274s] Level 1:colcon.colcon_core.package_identification:_identify(_site/categories) by extensions ['cmake', 'python']
[0.274s] Level 1:colcon.colcon_core.package_identification:_identify(_site/categories) by extension 'cmake'
[0.274s] Level 1:colcon.colcon_core.package_identification:_identify(_site/categories) by extension 'python'
[0.274s] Level 1:colcon.colcon_core.package_identification:_identify(_site/categories) by extensions ['python_setup_py']
[0.274s] Level 1:colcon.colcon_core.package_identification:_identify(_site/categories) by extension 'python_setup_py'
[0.274s] Level 1:colcon.colcon_core.package_identification:_identify(_site/norobots) by extensions ['ignore', 'ignore_ament_install']
[0.274s] Level 1:colcon.colcon_core.package_identification:_identify(_site/norobots) by extension 'ignore'
[0.274s] Level 1:colcon.colcon_core.package_identification:_identify(_site/norobots) by extension 'ignore_ament_install'
[0.274s] Level 1:colcon.colcon_core.package_identification:_identify(_site/norobots) by extensions ['colcon_pkg']
[0.274s] Level 1:colcon.colcon_core.package_identification:_identify(_site/norobots) by extension 'colcon_pkg'
[0.274s] Level 1:colcon.colcon_core.package_identification:_identify(_site/norobots) by extensions ['colcon_meta']
[0.274s] Level 1:colcon.colcon_core.package_identification:_identify(_site/norobots) by extension 'colcon_meta'
[0.274s] Level 1:colcon.colcon_core.package_identification:_identify(_site/norobots) by extensions ['ros']
[0.274s] Level 1:colcon.colcon_core.package_identification:_identify(_site/norobots) by extension 'ros'
[0.274s] Level 1:colcon.colcon_core.package_identification:_identify(_site/norobots) by extensions ['cmake', 'python']
[0.274s] Level 1:colcon.colcon_core.package_identification:_identify(_site/norobots) by extension 'cmake'
[0.274s] Level 1:colcon.colcon_core.package_identification:_identify(_site/norobots) by extension 'python'
[0.274s] Level 1:colcon.colcon_core.package_identification:_identify(_site/norobots) by extensions ['python_setup_py']
[0.274s] Level 1:colcon.colcon_core.package_identification:_identify(_site/norobots) by extension 'python_setup_py'
[0.274s] Level 1:colcon.colcon_core.package_identification:_identify(_site/posts) by extensions ['ignore', 'ignore_ament_install']
[0.275s] Level 1:colcon.colcon_core.package_identification:_identify(_site/posts) by extension 'ignore'
[0.275s] Level 1:colcon.colcon_core.package_identification:_identify(_site/posts) by extension 'ignore_ament_install'
[0.275s] Level 1:colcon.colcon_core.package_identification:_identify(_site/posts) by extensions ['colcon_pkg']
[0.275s] Level 1:colcon.colcon_core.package_identification:_identify(_site/posts) by extension 'colcon_pkg'
[0.275s] Level 1:colcon.colcon_core.package_identification:_identify(_site/posts) by extensions ['colcon_meta']
[0.275s] Level 1:colcon.colcon_core.package_identification:_identify(_site/posts) by extension 'colcon_meta'
[0.275s] Level 1:colcon.colcon_core.package_identification:_identify(_site/posts) by extensions ['ros']
[0.275s] Level 1:colcon.colcon_core.package_identification:_identify(_site/posts) by extension 'ros'
[0.275s] Level 1:colcon.colcon_core.package_identification:_identify(_site/posts) by extensions ['cmake', 'python']
[0.275s] Level 1:colcon.colcon_core.package_identification:_identify(_site/posts) by extension 'cmake'
[0.275s] Level 1:colcon.colcon_core.package_identification:_identify(_site/posts) by extension 'python'
[0.275s] Level 1:colcon.colcon_core.package_identification:_identify(_site/posts) by extensions ['python_setup_py']
[0.275s] Level 1:colcon.colcon_core.package_identification:_identify(_site/posts) by extension 'python_setup_py'
[0.275s] Level 1:colcon.colcon_core.package_identification:_identify(_site/tags) by extensions ['ignore', 'ignore_ament_install']
[0.275s] Level 1:colcon.colcon_core.package_identification:_identify(_site/tags) by extension 'ignore'
[0.275s] Level 1:colcon.colcon_core.package_identification:_identify(_site/tags) by extension 'ignore_ament_install'
[0.275s] Level 1:colcon.colcon_core.package_identification:_identify(_site/tags) by extensions ['colcon_pkg']
[0.275s] Level 1:colcon.colcon_core.package_identification:_identify(_site/tags) by extension 'colcon_pkg'
[0.275s] Level 1:colcon.colcon_core.package_identification:_identify(_site/tags) by extensions ['colcon_meta']
[0.275s] Level 1:colcon.colcon_core.package_identification:_identify(_site/tags) by extension 'colcon_meta'
[0.275s] Level 1:colcon.colcon_core.package_identification:_identify(_site/tags) by extensions ['ros']
[0.275s] Level 1:colcon.colcon_core.package_identification:_identify(_site/tags) by extension 'ros'
[0.275s] Level 1:colcon.colcon_core.package_identification:_identify(_site/tags) by extensions ['cmake', 'python']
[0.275s] Level 1:colcon.colcon_core.package_identification:_identify(_site/tags) by extension 'cmake'
[0.275s] Level 1:colcon.colcon_core.package_identification:_identify(_site/tags) by extension 'python'
[0.275s] Level 1:colcon.colcon_core.package_identification:_identify(_site/tags) by extensions ['python_setup_py']
[0.275s] Level 1:colcon.colcon_core.package_identification:_identify(_site/tags) by extension 'python_setup_py'
[0.275s] Level 1:colcon.colcon_core.package_identification:_identify(_tabs) by extensions ['ignore', 'ignore_ament_install']
[0.275s] Level 1:colcon.colcon_core.package_identification:_identify(_tabs) by extension 'ignore'
[0.275s] Level 1:colcon.colcon_core.package_identification:_identify(_tabs) by extension 'ignore_ament_install'
[0.275s] Level 1:colcon.colcon_core.package_identification:_identify(_tabs) by extensions ['colcon_pkg']
[0.275s] Level 1:colcon.colcon_core.package_identification:_identify(_tabs) by extension 'colcon_pkg'
[0.275s] Level 1:colcon.colcon_core.package_identification:_identify(_tabs) by extensions ['colcon_meta']
[0.275s] Level 1:colcon.colcon_core.package_identification:_identify(_tabs) by extension 'colcon_meta'
[0.275s] Level 1:colcon.colcon_core.package_identification:_identify(_tabs) by extensions ['ros']
[0.275s] Level 1:colcon.colcon_core.package_identification:_identify(_tabs) by extension 'ros'
[0.275s] Level 1:colcon.colcon_core.package_identification:_identify(_tabs) by extensions ['cmake', 'python']
[0.275s] Level 1:colcon.colcon_core.package_identification:_identify(_tabs) by extension 'cmake'
[0.276s] Level 1:colcon.colcon_core.package_identification:_identify(_tabs) by extension 'python'
[0.276s] Level 1:colcon.colcon_core.package_identification:_identify(_tabs) by extensions ['python_setup_py']
[0.276s] Level 1:colcon.colcon_core.package_identification:_identify(_tabs) by extension 'python_setup_py'
[0.276s] Level 1:colcon.colcon_core.package_identification:_identify(assets) by extensions ['ignore', 'ignore_ament_install']
[0.276s] Level 1:colcon.colcon_core.package_identification:_identify(assets) by extension 'ignore'
[0.276s] Level 1:colcon.colcon_core.package_identification:_identify(assets) by extension 'ignore_ament_install'
[0.276s] Level 1:colcon.colcon_core.package_identification:_identify(assets) by extensions ['colcon_pkg']
[0.276s] Level 1:colcon.colcon_core.package_identification:_identify(assets) by extension 'colcon_pkg'
[0.276s] Level 1:colcon.colcon_core.package_identification:_identify(assets) by extensions ['colcon_meta']
[0.276s] Level 1:colcon.colcon_core.package_identification:_identify(assets) by extension 'colcon_meta'
[0.276s] Level 1:colcon.colcon_core.package_identification:_identify(assets) by extensions ['ros']
[0.276s] Level 1:colcon.colcon_core.package_identification:_identify(assets) by extension 'ros'
[0.276s] Level 1:colcon.colcon_core.package_identification:_identify(assets) by extensions ['cmake', 'python']
[0.276s] Level 1:colcon.colcon_core.package_identification:_identify(assets) by extension 'cmake'
[0.276s] Level 1:colcon.colcon_core.package_identification:_identify(assets) by extension 'python'
[0.276s] Level 1:colcon.colcon_core.package_identification:_identify(assets) by extensions ['python_setup_py']
[0.276s] Level 1:colcon.colcon_core.package_identification:_identify(assets) by extension 'python_setup_py'
[0.276s] Level 1:colcon.colcon_core.package_identification:_identify(assets/img) by extensions ['ignore', 'ignore_ament_install']
[0.276s] Level 1:colcon.colcon_core.package_identification:_identify(assets/img) by extension 'ignore'
[0.276s] Level 1:colcon.colcon_core.package_identification:_identify(assets/img) by extension 'ignore_ament_install'
[0.276s] Level 1:colcon.colcon_core.package_identification:_identify(assets/img) by extensions ['colcon_pkg']
[0.276s] Level 1:colcon.colcon_core.package_identification:_identify(assets/img) by extension 'colcon_pkg'
[0.276s] Level 1:colcon.colcon_core.package_identification:_identify(assets/img) by extensions ['colcon_meta']
[0.276s] Level 1:colcon.colcon_core.package_identification:_identify(assets/img) by extension 'colcon_meta'
[0.276s] Level 1:colcon.colcon_core.package_identification:_identify(assets/img) by extensions ['ros']
[0.276s] Level 1:colcon.colcon_core.package_identification:_identify(assets/img) by extension 'ros'
[0.276s] Level 1:colcon.colcon_core.package_identification:_identify(assets/img) by extensions ['cmake', 'python']
[0.276s] Level 1:colcon.colcon_core.package_identification:_identify(assets/img) by extension 'cmake'
[0.276s] Level 1:colcon.colcon_core.package_identification:_identify(assets/img) by extension 'python'
[0.276s] Level 1:colcon.colcon_core.package_identification:_identify(assets/img) by extensions ['python_setup_py']
[0.276s] Level 1:colcon.colcon_core.package_identification:_identify(assets/img) by extension 'python_setup_py'
[0.276s] Level 1:colcon.colcon_core.package_identification:_identify(assets/img/favicons) by extensions ['ignore', 'ignore_ament_install']
[0.276s] Level 1:colcon.colcon_core.package_identification:_identify(assets/img/favicons) by extension 'ignore'
[0.276s] Level 1:colcon.colcon_core.package_identification:_identify(assets/img/favicons) by extension 'ignore_ament_install'
[0.276s] Level 1:colcon.colcon_core.package_identification:_identify(assets/img/favicons) by extensions ['colcon_pkg']
[0.276s] Level 1:colcon.colcon_core.package_identification:_identify(assets/img/favicons) by extension 'colcon_pkg'
[0.277s] Level 1:colcon.colcon_core.package_identification:_identify(assets/img/favicons) by extensions ['colcon_meta']
[0.277s] Level 1:colcon.colcon_core.package_identification:_identify(assets/img/favicons) by extension 'colcon_meta'
[0.277s] Level 1:colcon.colcon_core.package_identification:_identify(assets/img/favicons) by extensions ['ros']
[0.277s] Level 1:colcon.colcon_core.package_identification:_identify(assets/img/favicons) by extension 'ros'
[0.277s] Level 1:colcon.colcon_core.package_identification:_identify(assets/img/favicons) by extensions ['cmake', 'python']
[0.277s] Level 1:colcon.colcon_core.package_identification:_identify(assets/img/favicons) by extension 'cmake'
[0.277s] Level 1:colcon.colcon_core.package_identification:_identify(assets/img/favicons) by extension 'python'
[0.277s] Level 1:colcon.colcon_core.package_identification:_identify(assets/img/favicons) by extensions ['python_setup_py']
[0.277s] Level 1:colcon.colcon_core.package_identification:_identify(assets/img/favicons) by extension 'python_setup_py'
[0.277s] Level 1:colcon.colcon_core.package_identification:_identify(assets/lib) by extensions ['ignore', 'ignore_ament_install']
[0.277s] Level 1:colcon.colcon_core.package_identification:_identify(assets/lib) by extension 'ignore'
[0.277s] Level 1:colcon.colcon_core.package_identification:_identify(assets/lib) by extension 'ignore_ament_install'
[0.277s] Level 1:colcon.colcon_core.package_identification:_identify(assets/lib) by extensions ['colcon_pkg']
[0.277s] Level 1:colcon.colcon_core.package_identification:_identify(assets/lib) by extension 'colcon_pkg'
[0.277s] Level 1:colcon.colcon_core.package_identification:_identify(assets/lib) by extensions ['colcon_meta']
[0.277s] Level 1:colcon.colcon_core.package_identification:_identify(assets/lib) by extension 'colcon_meta'
[0.277s] Level 1:colcon.colcon_core.package_identification:_identify(assets/lib) by extensions ['ros']
[0.277s] Level 1:colcon.colcon_core.package_identification:_identify(assets/lib) by extension 'ros'
[0.277s] Level 1:colcon.colcon_core.package_identification:_identify(assets/lib) by extensions ['cmake', 'python']
[0.277s] Level 1:colcon.colcon_core.package_identification:_identify(assets/lib) by extension 'cmake'
[0.277s] Level 1:colcon.colcon_core.package_identification:_identify(assets/lib) by extension 'python'
[0.277s] Level 1:colcon.colcon_core.package_identification:_identify(assets/lib) by extensions ['python_setup_py']
[0.277s] Level 1:colcon.colcon_core.package_identification:_identify(assets/lib) by extension 'python_setup_py'
[0.277s] Level 1:colcon.colcon_core.package_identification:_identify(log) by extensions ['ignore', 'ignore_ament_install']
[0.277s] Level 1:colcon.colcon_core.package_identification:_identify(log) by extension 'ignore'
[0.277s] Level 1:colcon.colcon_core.package_identification:_identify(log) ignored
[0.277s] Level 1:colcon.colcon_core.package_identification:_identify(tools) by extensions ['ignore', 'ignore_ament_install']
[0.277s] Level 1:colcon.colcon_core.package_identification:_identify(tools) by extension 'ignore'
[0.277s] Level 1:colcon.colcon_core.package_identification:_identify(tools) by extension 'ignore_ament_install'
[0.277s] Level 1:colcon.colcon_core.package_identification:_identify(tools) by extensions ['colcon_pkg']
[0.277s] Level 1:colcon.colcon_core.package_identification:_identify(tools) by extension 'colcon_pkg'
[0.277s] Level 1:colcon.colcon_core.package_identification:_identify(tools) by extensions ['colcon_meta']
[0.277s] Level 1:colcon.colcon_core.package_identification:_identify(tools) by extension 'colcon_meta'
[0.277s] Level 1:colcon.colcon_core.package_identification:_identify(tools) by extensions ['ros']
[0.277s] Level 1:colcon.colcon_core.package_identification:_identify(tools) by extension 'ros'
[0.278s] Level 1:colcon.colcon_core.package_identification:_identify(tools) by extensions ['cmake', 'python']
[0.278s] Level 1:colcon.colcon_core.package_identification:_identify(tools) by extension 'cmake'
[0.278s] Level 1:colcon.colcon_core.package_identification:_identify(tools) by extension 'python'
[0.278s] Level 1:colcon.colcon_core.package_identification:_identify(tools) by extensions ['python_setup_py']
[0.278s] Level 1:colcon.colcon_core.package_identification:_identify(tools) by extension 'python_setup_py'
[0.278s] Level 1:colcon.colcon_core.package_discovery:discover_packages(recursive) using defaults
[0.278s] Level 1:colcon.colcon_core.package_discovery:discover_packages(ignore) discover
[0.278s] Level 1:colcon.colcon_core.package_discovery:discover_packages(ignore) using defaults
[0.278s] Level 1:colcon.colcon_core.package_discovery:discover_packages(path) discover
[0.278s] Level 1:colcon.colcon_core.package_discovery:discover_packages(path) using defaults
